生成启动时间为 2019/12/16 11:46:10。
     1>项目“C:\Users\john\Documents\Visual Studio 2013\Projects\File Classification - 副本 (2)\File Classification\File Classification.vcxproj”在节点 2 上(Build 个目标)。
     1>CustomBuild:
         Moc'ing fileclassification.h...
       ClCompile:
         C:\Program Files (x86)\Microsoft Visual Studio 12.0\VC\bin\x86_amd64\CL.exe /c /I.\GeneratedFiles /I. /IC:\Qt\Qt5.7.0\5.7\msvc2013_64\include /I.\GeneratedFiles\Release /IC:\Qt\Qt5.7.0\5.7\msvc2013_64\include\QtCore /IC:\Qt\Qt5.7.0\5.7\msvc2013_64\include\QtGui /IC:\Qt\Qt5.7.0\5.7\msvc2013_64\include\QtWidgets /nologo /W1 /WX- /O2 /D UNICODE /D WIN32 /D WIN64 /D QT_DLL /D QT_NO_DEBUG /D NDEBUG /D QT_CORE_LIB /D QT_GUI_LIB /D QT_WIDGETS_LIB /Gm- /EHsc /MD /GS /fp:precise /Zc:wchar_t /Zc:forScope /Fo"x64\Release\\" /Fd"x64\Release\vc120.pdb" /Gd /TP /errorReport:prompt GeneratedFiles\Release\moc_fileclassification.cpp fileclassification.cpp main.cpp
         moc_fileclassification.cpp
         fileclassification.cpp
         main.cpp
         正在生成代码...
         C:\Program Files (x86)\Microsoft Visual Studio 12.0\VC\bin\x86_amd64\CL.exe /c /I.\GeneratedFiles /I. /IC:\Qt\Qt5.7.0\5.7\msvc2013_64\include /I.\GeneratedFiles\Release /IC:\Qt\Qt5.7.0\5.7\msvc2013_64\include\QtCore /IC:\Qt\Qt5.7.0\5.7\msvc2013_64\include\QtGui /IC:\Qt\Qt5.7.0\5.7\msvc2013_64\include\QtWidgets /nologo /W1 /WX- /O2 /D UNICODE /D WIN32 /D WIN64 /D QT_DLL /D QT_NO_DEBUG /D NDEBUG /D QT_CORE_LIB /D QT_GUI_LIB /D QT_WIDGETS_LIB /Gm- /EHsc /MD /GS /fp:precise /Zc:wchar_t /Zc:forScope /Fo"x64\Release\\" /Fd"x64\Release\vc120.pdb" /Gd /TP /errorReport:prompt GeneratedFiles\qrc_fileclassification.cpp
         qrc_fileclassification.cpp
       Link:
         C:\Program Files (x86)\Microsoft Visual Studio 12.0\VC\bin\x86_amd64\link.exe /ERRORREPORT:PROMPT /OUT:"C:\Users\john\Documents\Visual Studio 2013\Projects\File Classification - 副本 (2)\x64\Release\\File Classification.exe" /NOLOGO /LIBPATH:C:\Qt\Qt5.7.0\5.7\msvc2013_64\lib qtmain.lib Qt5Core.lib Qt5Gui.lib Qt5Widgets.lib kernel32.lib user32.lib gdi32.lib winspool.lib comdlg32.lib advapi32.lib shell32.lib ole32.lib oleaut32.lib uuid.lib odbc32.lib odbccp32.lib /MANIFEST /MANIFESTUAC:"level='asInvoker' uiAccess='false'" /manifest:embed /PDB:"C:\Users\john\Documents\Visual Studio 2013\Projects\File Classification - 副本 (2)\x64\Release\File Classification.pdb" /SUBSYSTEM:WINDOWS /TLBID:1 /DYNAMICBASE /NXCOMPAT /IMPLIB:"C:\Users\john\Documents\Visual Studio 2013\Projects\File Classification - 副本 (2)\x64\Release\File Classification.lib" /MACHINE:X64 x64\Release\fileclassification.obj
         x64\Release\qrc_fileclassification.obj
         x64\Release\moc_fileclassification.obj
         x64\Release\main.obj
         File Classification.vcxproj -> C:\Users\john\Documents\Visual Studio 2013\Projects\File Classification - 副本 (2)\x64\Release\File Classification.exe
     1>已完成生成项目“C:\Users\john\Documents\Visual Studio 2013\Projects\File Classification - 副本 (2)\File Classification\File Classification.vcxproj”(Build 个目标)的操作。

生成成功。

已用时间 00:00:10.20
