c:\users\john\documents\visual studio 2013\projects\file classification - 副本 (2)\file classification\x64\debug\vc120.pdb
c:\users\john\documents\visual studio 2013\projects\file classification - 副本 (2)\file classification\x64\debug\qrc_fileclassification.obj
c:\users\john\documents\visual studio 2013\projects\file classification - 副本 (2)\file classification\x64\debug\main.obj
c:\users\john\documents\visual studio 2013\projects\file classification - 副本 (2)\file classification\x64\debug\fileclassification.obj
c:\users\john\documents\visual studio 2013\projects\file classification - 副本 (2)\file classification\x64\debug\moc_fileclassification.obj
c:\users\john\documents\visual studio 2013\projects\file classification - 副本 (2)\file classification\generatedfiles\debug\moc_fileclassification.cpp
c:\users\john\documents\visual studio 2013\projects\file classification - 副本 (2)\file classification\generatedfiles\qrc_fileclassification.cpp
c:\users\john\documents\visual studio 2013\projects\file classification - 副本 (2)\file classification\generatedfiles\ui_fileclassification.h
c:\users\john\documents\visual studio 2013\projects\file classification - 副本 (2)\x64\debug\file classification.ilk
c:\users\john\documents\visual studio 2013\projects\file classification - 副本 (2)\x64\debug\file classification.exe
c:\users\john\documents\visual studio 2013\projects\file classification - 副本 (2)\x64\debug\file classification.pdb
c:\users\john\documents\visual studio 2013\projects\file classification - 副本 (2)\file classification\x64\debug\file cla.b12702ad.tlog\cl.command.1.tlog
c:\users\john\documents\visual studio 2013\projects\file classification - 副本 (2)\file classification\x64\debug\file cla.b12702ad.tlog\cl.read.1.tlog
c:\users\john\documents\visual studio 2013\projects\file classification - 副本 (2)\file classification\x64\debug\file cla.b12702ad.tlog\cl.write.1.tlog
c:\users\john\documents\visual studio 2013\projects\file classification - 副本 (2)\file classification\x64\debug\file cla.b12702ad.tlog\custombuild.command.1.tlog
c:\users\john\documents\visual studio 2013\projects\file classification - 副本 (2)\file classification\x64\debug\file cla.b12702ad.tlog\custombuild.read.1.tlog
c:\users\john\documents\visual studio 2013\projects\file classification - 副本 (2)\file classification\x64\debug\file cla.b12702ad.tlog\custombuild.write.1.tlog
c:\users\john\documents\visual studio 2013\projects\file classification - 副本 (2)\file classification\x64\debug\file cla.b12702ad.tlog\link.command.1.tlog
c:\users\john\documents\visual studio 2013\projects\file classification - 副本 (2)\file classification\x64\debug\file cla.b12702ad.tlog\link.read.1.tlog
c:\users\john\documents\visual studio 2013\projects\file classification - 副本 (2)\file classification\x64\debug\file cla.b12702ad.tlog\link.write.1.tlog
